<?xml version="1.0" encoding="UTF-8"?>
<!-- Generated by org.testng.reporters.JUnitReportReporter -->
<testsuite hostname="DESKTOP-D0EK63P" failures="0" tests="1" name="com.codenbox.Appium.HybridTest" time="92.168" errors="0" timestamp="2023-08-21T16:07:33 IST" skipped="0">
  <testcase classname="com.codenbox.Appium.HybridTest" name="doHybrid" time="92.168"/>
  <system-out/>
</testsuite> <!-- com.codenbox.Appium.HybridTest -->
