<?xml version="1.0" encoding="UTF-8"?>
<!-- Generated by org.testng.reporters.JUnitReportReporter -->
<testsuite hostname="DESKTOP-D0EK63P" failures="0" tests="1" name="com.codenbox.Appium.Swipe" time="15.185" errors="0" timestamp="2023-08-19T16:09:51 IST" skipped="0">
  <testcase classname="com.codenbox.Appium.Swipe" name="SwipeDemoTest" time="15.185"/>
  <system-out/>
</testsuite> <!-- com.codenbox.Appium.Swipe -->
