<?xml version="1.0" encoding="UTF-8"?>
<!-- Generated by org.testng.reporters.JUnitReportReporter -->
<testsuite hostname="DESKTOP-D0EK63P" failures="0" tests="1" name="com.codenbox.Appium.Base" time="134.270" errors="0" timestamp="2023-08-09T14:10:47 IST" skipped="0">
  <testcase classname="com.codenbox.Appium.Base" name="configureAppium" time="134.270"/>
  <system-out/>
</testsuite> <!-- com.codenbox.Appium.Base -->
