<?xml version="1.0" encoding="UTF-8"?>
<!-- Generated by org.testng.reporters.JUnitReportReporter -->
<testsuite hostname="DESKTOP-D0EK63P" failures="0" tests="1" name="com.codenbox.Appium.SetWifi" time="9.913" errors="0" timestamp="2023-08-19T16:10:46 IST" skipped="0">
  <testcase classname="com.codenbox.Appium.SetWifi" name="setwifiTest" time="9.913"/>
  <system-out/>
</testsuite> <!-- com.codenbox.Appium.SetWifi -->
