<?xml version="1.0" encoding="UTF-8"?>
<!-- Generated by org.testng.reporters.JUnitReportReporter -->
<testsuite hostname="DESKTOP-D0EK63P" failures="0" tests="1" name="com.codenbox.Appium.ScrollDemoTest" time="15.847" errors="0" timestamp="2023-08-19T16:09:16 IST" skipped="0">
  <testcase classname="com.codenbox.Appium.ScrollDemoTest" name="scrollTest" time="15.847"/>
  <system-out/>
</testsuite> <!-- com.codenbox.Appium.ScrollDemoTest -->
