<?xml version="1.0" encoding="UTF-8"?>
<!-- Generated by org.testng.reporters.JUnitReportReporter -->
<testsuite hostname="DESKTOP-D0EK63P" failures="0" tests="2" name="com.codenbox.Appium.General_storeTest" time="17.383" errors="0" timestamp="2023-08-20T22:14:19 IST" skipped="1">
  <testcase classname="com.codenbox.Appium.General_storeTest" name="toastMsgTest" time="17.383"/>
  <system-out/>
  <testcase classname="com.codenbox.Appium.General_storeTest" name="fillForm">
    <skipped/>
  </testcase> <!-- fillForm -->
  <system-out/>
</testsuite> <!-- com.codenbox.Appium.General_storeTest -->
