<?xml version="1.0" encoding="UTF-8"?>
<!-- Generated by org.testng.reporters.JUnitReportReporter -->
<testsuite hostname="DESKTOP-D0EK63P" failures="0" tests="1" name="com.codenbox.Appium.Longpress" time="11.704" errors="0" timestamp="2023-08-17T20:51:28 IST" skipped="0">
  <testcase classname="com.codenbox.Appium.Longpress" name="longpressTest" time="11.704"/>
  <system-out/>
</testsuite> <!-- com.codenbox.Appium.Longpress -->
