<?xml version="1.0" encoding="UTF-8"?>
<!-- Generated by org.testng.reporters.JUnitReportReporter -->
<testsuite hostname="DESKTOP-D0EK63P" failures="0" tests="1" name="com.codenbox.Appium.ViewText" time="5.708" errors="0" timestamp="2023-08-16T20:15:54 IST" skipped="0">
  <testcase classname="com.codenbox.Appium.ViewText" name="textTest" time="5.708"/>
  <system-out/>
</testsuite> <!-- com.codenbox.Appium.ViewText -->
